kotlin version: 2.0.21
error message: org.jetbrains.kotlin.backend.common.BackendException: Backend Internal error: Exception during IR lowering
File being compiled: C:/Users/Jose Andres Cruz/AndroidStudioProjects/Practico_1_Moviles/app/src/main/java/com/example/practico_1_moviles/ui/MainActivity/MainActivity.kt
The root cause java.lang.RuntimeException was thrown at: org.jetbrains.kotlin.backend.jvm.codegen.FunctionCodegen.generate(FunctionCodegen.kt:47)
	at org.jetbrains.kotlin.backend.common.CodegenUtil.reportBackendException(CodegenUtil.kt:253)
	at org.jetbrains.kotlin.backend.common.CodegenUtil.reportBackendException$default(CodegenUtil.kt:236)
	at org.jetbrains.kotlin.backend.common.phaser.PerformByIrFilePhase.invokeSequential(performByIrFile.kt:65)
	at org.jetbrains.kotlin.backend.common.phaser.PerformByIrFilePhase.invoke(performByIrFile.kt:52)
	at org.jetbrains.kotlin.backend.common.phaser.PerformByIrFilePhase.invoke(performByIrFile.kt:38)
	at org.jetbrains.kotlin.backend.common.phaser.NamedCompilerPhase.phaseBody(CompilerPhase.kt:166)
	at org.jetbrains.kotlin.backend.common.phaser.AbstractNamedCompilerPhase.invoke(CompilerPhase.kt:113)
	at org.jetbrains.kotlin.backend.common.phaser.CompositePhase.invoke(PhaseBuilders.kt:27)
	at org.jetbrains.kotlin.backend.common.phaser.CompositePhase.invoke(PhaseBuilders.kt:14)
	at org.jetbrains.kotlin.backend.common.phaser.NamedCompilerPhase.phaseBody(CompilerPhase.kt:166)
	at org.jetbrains.kotlin.backend.common.phaser.AbstractNamedCompilerPhase.invoke(CompilerPhase.kt:113)
	at org.jetbrains.kotlin.backend.common.phaser.CompilerPhaseKt.invokeToplevel(CompilerPhase.kt:62)
	at org.jetbrains.kotlin.backend.jvm.JvmIrCodegenFactory.invokeCodegen(JvmIrCodegenFactory.kt:371)
	at org.jetbrains.kotlin.codegen.CodegenFactory.generateModule(CodegenFactory.kt:47)
	at org.jetbrains.kotlin.backend.jvm.JvmIrCodegenFactory.generateModuleInFrontendIRMode(JvmIrCodegenFactory.kt:433)
	at org.jetbrains.kotlin.cli.jvm.compiler.pipeline.JvmCompilerPipelineKt.generateCodeFromIr(jvmCompilerPipeline.kt:246)
	at org.jetbrains.kotlin.cli.jvm.compiler.pipeline.JvmCompilerPipelineKt.compileModulesUsingFrontendIrAndLightTree(jvmCompilerPipeline.kt:142)
	at org.jetbrains.kotlin.cli.jvm.K2JVMCompiler.doExecute(K2JVMCompiler.kt:148)
	at org.jetbrains.kotlin.cli.jvm.K2JVMCompiler.doExecute(K2JVMCompiler.kt:43)
	at org.jetbrains.kotlin.cli.common.CLICompiler.execImpl(CLICompiler.kt:103)
	at org.jetbrains.kotlin.cli.common.CLICompiler.execImpl(CLICompiler.kt:49)
	at org.jetbrains.kotlin.cli.common.CLITool.exec(CLITool.kt:101)
	at org.jetbrains.kotlin.incremental.IncrementalJvmCompilerRunner.runCompiler(IncrementalJvmCompilerRunner.kt:464)
	at org.jetbrains.kotlin.incremental.IncrementalJvmCompilerRunner.runCompiler(IncrementalJvmCompilerRunner.kt:73)
	at org.jetbrains.kotlin.incremental.IncrementalCompilerRunner.doCompile(IncrementalCompilerRunner.kt:506)
	at org.jetbrains.kotlin.incremental.IncrementalCompilerRunner.compileImpl(IncrementalCompilerRunner.kt:423)
	at org.jetbrains.kotlin.incremental.IncrementalCompilerRunner.compileNonIncrementally(IncrementalCompilerRunner.kt:301)
	at org.jetbrains.kotlin.incremental.IncrementalCompilerRunner.compile(IncrementalCompilerRunner.kt:129)
	at org.jetbrains.kotlin.daemon.CompileServiceImplBase.execIncrementalCompiler(CompileServiceImpl.kt:675)
	at org.jetbrains.kotlin.daemon.CompileServiceImplBase.access$execIncrementalCompiler(CompileServiceImpl.kt:92)
	at org.jetbrains.kotlin.daemon.CompileServiceImpl.compile(CompileServiceImpl.kt:1660)
	at java.base/jdk.internal.reflect.DirectMethodHandleAccessor.invoke(Unknown Source)
	at java.base/java.lang.reflect.Method.invoke(Unknown Source)
	at java.rmi/sun.rmi.server.UnicastServerRef.dispatch(Unknown Source)
	at java.rmi/sun.rmi.transport.Transport$1.run(Unknown Source)
	at java.rmi/sun.rmi.transport.Transport$1.run(Unknown Source)
	at java.base/java.security.AccessController.doPrivileged(Unknown Source)
	at java.rmi/sun.rmi.transport.Transport.serviceCall(Unknown Source)
	at java.rmi/sun.rmi.transport.tcp.TCPTransport.handleMessages(Unknown Source)
	at java.rmi/sun.rmi.transport.tcp.TCPTransport$ConnectionHandler.run0(Unknown Source)
	at java.rmi/sun.rmi.transport.tcp.TCPTransport$ConnectionHandler.lambda$run$0(Unknown Source)
	at java.base/java.security.AccessController.doPrivileged(Unknown Source)
	at java.rmi/sun.rmi.transport.tcp.TCPTransport$ConnectionHandler.run(Unknown Source)
	at java.base/java.util.concurrent.ThreadPoolExecutor.runWorker(Unknown Source)
	at java.base/java.util.concurrent.ThreadPoolExecutor$Worker.run(Unknown Source)
	at java.base/java.lang.Thread.run(Unknown Source)
Caused by: java.lang.RuntimeException: Exception while generating code for:
FUN name:setupRecyclerView visibility:private modality:FINAL <> ($this:com.example.practico_1_moviles.ui.MainActivity.MainActivity) returnType:kotlin.Unit
  $this: VALUE_PARAMETER name:<this> type:com.example.practico_1_moviles.ui.MainActivity.MainActivity
  BLOCK_BODY
    VAR name:tareas type:java.util.ArrayList<com.example.practico_1_moviles.ui.Models.TareasListas> [val]
      CALL 'public final fun arrayListOf <T> (vararg elements: T of kotlin.collections.CollectionsKt.arrayListOf): java.util.ArrayList<T of kotlin.collections.CollectionsKt.arrayListOf> declared in kotlin.collections.CollectionsKt' type=java.util.ArrayList<com.example.practico_1_moviles.ui.Models.TareasListas> origin=null
        <T>: com.example.practico_1_moviles.ui.Models.TareasListas
        elements: BLOCK type=kotlin.Array<out com.example.practico_1_moviles.ui.Models.TareasListas> origin=null
          VAR IR_TEMPORARY_VARIABLE name:tmp0 type:kotlin.Array<out com.example.practico_1_moviles.ui.Models.TareasListas> [val]
            CALL 'public final fun arrayOfNulls <T> (size: kotlin.Int): kotlin.Array<T of kotlin.arrayOfNulls?> declared in kotlin' type=kotlin.Array<out com.example.practico_1_moviles.ui.Models.TareasListas> origin=null
              <T>: com.example.practico_1_moviles.ui.Models.TareasListas
              size: CONST Int type=kotlin.Int value=3
          CALL 'public final fun set (index: kotlin.Int, value: T of kotlin.Array): kotlin.Unit [operator] declared in kotlin.Array' type=kotlin.Unit origin=null
            $this: GET_VAR 'val tmp0: kotlin.Array<out com.example.practico_1_moviles.ui.Models.TareasListas> [val] declared in com.example.practico_1_moviles.ui.MainActivity.MainActivity.setupRecyclerView' type=kotlin.Array<out com.example.practico_1_moviles.ui.Models.TareasListas> origin=null
            index: CONST Int type=kotlin.Int value=0
            value: CONSTRUCTOR_CALL 'public constructor <init> (id: kotlin.Int, titulo: kotlin.String, descripcion: kotlin.String, estado: kotlin.Boolean, color: kotlin.Int) [primary] declared in com.example.practico_1_moviles.ui.Models.TareasListas' type=com.example.practico_1_moviles.ui.Models.TareasListas origin=null
              id: CONST Int type=kotlin.Int value=1
              titulo: CONST String type=kotlin.String value="Tarea 1"
              descripcion: CONST String type=kotlin.String value="Descripcion 1"
              estado: CONST Boolean type=kotlin.Boolean value=false
              color: CONST Int type=kotlin.Int value=-65536
          CALL 'public final fun set (index: kotlin.Int, value: T of kotlin.Array): kotlin.Unit [operator] declared in kotlin.Array' type=kotlin.Unit origin=null
            $this: GET_VAR 'val tmp0: kotlin.Array<out com.example.practico_1_moviles.ui.Models.TareasListas> [val] declared in com.example.practico_1_moviles.ui.MainActivity.MainActivity.setupRecyclerView' type=kotlin.Array<out com.example.practico_1_moviles.ui.Models.TareasListas> origin=null
            index: CONST Int type=kotlin.Int value=1
            value: CONSTRUCTOR_CALL 'public constructor <init> (id: kotlin.Int, titulo: kotlin.String, descripcion: kotlin.String, estado: kotlin.Boolean, color: kotlin.Int) [primary] declared in com.example.practico_1_moviles.ui.Models.TareasListas' type=com.example.practico_1_moviles.ui.Models.TareasListas origin=null
              id: CONST Int type=kotlin.Int value=2
              titulo: CONST String type=kotlin.String value="Tarea 2"
              descripcion: CONST String type=kotlin.String value="Descripcion 2"
              estado: CONST Boolean type=kotlin.Boolean value=true
              color: CONST Int type=kotlin.Int value=-16711936
          CALL 'public final fun set (index: kotlin.Int, value: T of kotlin.Array): kotlin.Unit [operator] declared in kotlin.Array' type=kotlin.Unit origin=null
            $this: GET_VAR 'val tmp0: kotlin.Array<out com.example.practico_1_moviles.ui.Models.TareasListas> [val] declared in com.example.practico_1_moviles.ui.MainActivity.MainActivity.setupRecyclerView' type=kotlin.Array<out com.example.practico_1_moviles.ui.Models.TareasListas> origin=null
            index: CONST Int type=kotlin.Int value=2
            value: CONSTRUCTOR_CALL 'public constructor <init> (id: kotlin.Int, titulo: kotlin.String, descripcion: kotlin.String, estado: kotlin.Boolean, color: kotlin.Int) [primary] declared in com.example.practico_1_moviles.ui.Models.TareasListas' type=com.example.practico_1_moviles.ui.Models.TareasListas origin=null
              id: CONST Int type=kotlin.Int value=3
              titulo: CONST String type=kotlin.String value="Tarea 3"
              descripcion: CONST String type=kotlin.String value="Descripcion 3"
              estado: CONST Boolean type=kotlin.Boolean value=false
              color: CONST Int type=kotlin.Int value=-16776961
          GET_VAR 'val tmp0: kotlin.Array<out com.example.practico_1_moviles.ui.Models.TareasListas> [val] declared in com.example.practico_1_moviles.ui.MainActivity.MainActivity.setupRecyclerView' type=kotlin.Array<out com.example.practico_1_moviles.ui.Models.TareasListas> origin=null
    VAR name:adapter type:com.example.practico_1_moviles.ui.Adapters.TareasAdapter [val]
      CONSTRUCTOR_CALL 'public constructor <init> (tareas: kotlin.collections.List<com.example.practico_1_moviles.ui.Models.TareasListas>) [primary] declared in com.example.practico_1_moviles.ui.Adapters.TareasAdapter' type=com.example.practico_1_moviles.ui.Adapters.TareasAdapter origin=null
        tareas: GET_VAR 'val tareas: java.util.ArrayList<com.example.practico_1_moviles.ui.Models.TareasListas> [val] declared in com.example.practico_1_moviles.ui.MainActivity.MainActivity.setupRecyclerView' type=java.util.ArrayList<com.example.practico_1_moviles.ui.Models.TareasListas> origin=null
    COMPOSITE type=kotlin.Unit origin=null
      CALL 'public final fun apply <T> (block: @[ExtensionFunctionType] kotlin.Function1<T of kotlin.StandardKt.apply, kotlin.Unit>): T of kotlin.StandardKt.apply [inline] declared in kotlin.StandardKt' type=@[EnhancedNullability] androidx.recyclerview.widget.RecyclerView origin=null
        <T>: @[EnhancedNullability] androidx.recyclerview.widget.RecyclerView
        $receiver: GET_FIELD 'FIELD IR_EXTERNAL_JAVA_DECLARATION_STUB name:rvTarealist type:@[EnhancedNullability] androidx.recyclerview.widget.RecyclerView visibility:public [final] declared in com.example.practico_1_moviles.databinding.ActivityMainBinding' type=@[EnhancedNullability] androidx.recyclerview.widget.RecyclerView superQualifierSymbol=com.example.practico_1_moviles.databinding.ActivityMainBinding origin=null
          receiver: BLOCK type=com.example.practico_1_moviles.databinding.ActivityMainBinding origin=FOLDED_ELVIS
            WHEN type=com.example.practico_1_moviles.databinding.ActivityMainBinding origin=FOLDED_ELVIS
              BRANCH
                if: COMPOSITE type=kotlin.Boolean origin=null
                  VAR IR_TEMPORARY_VARIABLE name:tmp0 type:com.example.practico_1_moviles.databinding.ActivityMainBinding? [val]
                    GET_FIELD 'FIELD PROPERTY_BACKING_FIELD name:binding type:com.example.practico_1_moviles.databinding.ActivityMainBinding? visibility:private' type=com.example.practico_1_moviles.databinding.ActivityMainBinding? origin=null
                      receiver: GET_VAR '<this>: com.example.practico_1_moviles.ui.MainActivity.MainActivity declared in com.example.practico_1_moviles.ui.MainActivity.MainActivity.setupRecyclerView' type=com.example.practico_1_moviles.ui.MainActivity.MainActivity origin=null
                  CALL 'public final fun not (): kotlin.Boolean [operator] declared in kotlin.Boolean' type=kotlin.Boolean origin=null
                    $this: CALL 'public final fun EQEQ (arg0: kotlin.Any?, arg1: kotlin.Any?): kotlin.Boolean declared in kotlin.internal.ir' type=kotlin.Boolean origin=null
                      arg0: GET_VAR 'val tmp0: com.example.practico_1_moviles.databinding.ActivityMainBinding? [val] declared in com.example.practico_1_moviles.ui.MainActivity.MainActivity.setupRecyclerView' type=com.example.practico_1_moviles.databinding.ActivityMainBinding? origin=null
                      arg1: CONST Null type=kotlin.Nothing? value=null
                then: GET_VAR 'val tmp0: com.example.practico_1_moviles.databinding.ActivityMainBinding? [val] declared in com.example.practico_1_moviles.ui.MainActivity.MainActivity.setupRecyclerView' type=com.example.practico_1_moviles.databinding.ActivityMainBinding? origin=null
              BRANCH
                if: CONST Boolean type=kotlin.Boolean value=true
                then: BLOCK type=kotlin.Unit origin=null
                  CALL 'public final fun throwUninitializedPropertyAccessException (propertyName: kotlin.String): kotlin.Unit declared in kotlin.jvm.internal.Intrinsics' type=kotlin.Unit origin=null
                    propertyName: CONST String type=kotlin.String value="binding"
        block: BLOCK type=@[ExtensionFunctionType] kotlin.Function1<@[EnhancedNullability] androidx.recyclerview.widget.RecyclerView, kotlin.Unit> origin=LAMBDA
          COMPOSITE type=kotlin.Unit origin=null
          FUNCTION_REFERENCE 'private final fun setupRecyclerView$lambda$1 ($adapter: com.example.practico_1_moviles.ui.Adapters.TareasAdapter, this$0: com.example.practico_1_moviles.ui.MainActivity.MainActivity): kotlin.Unit declared in com.example.practico_1_moviles.ui.MainActivity.MainActivity' type=@[ExtensionFunctionType] kotlin.Function1<@[EnhancedNullability] androidx.recyclerview.widget.RecyclerView, kotlin.Unit> origin=INLINE_LAMBDA reflectionTarget=null
            $adapter: GET_VAR 'val adapter: com.example.practico_1_moviles.ui.Adapters.TareasAdapter [val] declared in com.example.practico_1_moviles.ui.MainActivity.MainActivity.setupRecyclerView' type=com.example.practico_1_moviles.ui.Adapters.TareasAdapter origin=null
            this$0: GET_VAR '<this>: com.example.practico_1_moviles.ui.MainActivity.MainActivity declared in com.example.practico_1_moviles.ui.MainActivity.MainActivity.setupRecyclerView' type=com.example.practico_1_moviles.ui.MainActivity.MainActivity origin=null
      COMPOSITE type=kotlin.Unit origin=null

	at org.jetbrains.kotlin.backend.jvm.codegen.FunctionCodegen.generate(FunctionCodegen.kt:47)
	at org.jetbrains.kotlin.backend.jvm.codegen.FunctionCodegen.generate$default(FunctionCodegen.kt:40)
	at org.jetbrains.kotlin.backend.jvm.codegen.ClassCodegen.generateMethodNode(ClassCodegen.kt:406)
	at org.jetbrains.kotlin.backend.jvm.codegen.ClassCodegen.generateMethod(ClassCodegen.kt:423)
	at org.jetbrains.kotlin.backend.jvm.codegen.ClassCodegen.generate(ClassCodegen.kt:168)
	at org.jetbrains.kotlin.backend.jvm.FileCodegen.lower(JvmPhases.kt:39)
	at org.jetbrains.kotlin.backend.common.phaser.PhaseFactoriesKt.createFilePhase$lambda$4(PhaseFactories.kt:71)
	at org.jetbrains.kotlin.backend.common.phaser.PhaseBuildersKt$createSimpleNamedCompilerPhase$1.phaseBody(PhaseBuilders.kt:69)
	at org.jetbrains.kotlin.backend.common.phaser.SimpleNamedCompilerPhase.phaseBody(CompilerPhase.kt:226)
	at org.jetbrains.kotlin.backend.common.phaser.AbstractNamedCompilerPhase.invoke(CompilerPhase.kt:113)
	at org.jetbrains.kotlin.backend.common.phaser.PerformByIrFilePhase.invokeSequential(performByIrFile.kt:62)
	... 43 more
Caused by: java.lang.RuntimeException: Exception while generating code for:
FUN INLINE_LAMBDA name:setupRecyclerView$lambda$1 visibility:private modality:FINAL <> ($receiver:@[EnhancedNullability] androidx.recyclerview.widget.RecyclerView, $adapter:com.example.practico_1_moviles.ui.Adapters.TareasAdapter, this$0:com.example.practico_1_moviles.ui.MainActivity.MainActivity) returnType:kotlin.Unit
  $receiver: VALUE_PARAMETER name:$this$apply type:@[EnhancedNullability] androidx.recyclerview.widget.RecyclerView
  VALUE_PARAMETER BOUND_VALUE_PARAMETER name:$adapter index:0 type:com.example.practico_1_moviles.ui.Adapters.TareasAdapter
  VALUE_PARAMETER BOUND_VALUE_PARAMETER name:this$0 index:1 type:com.example.practico_1_moviles.ui.MainActivity.MainActivity
  BLOCK_BODY
    VAR name:$i$a$-apply-MainActivity$setupRecyclerView$1 type:kotlin.Int [val]
      CONST Int type=kotlin.Int value=0
    CALL 'public open fun setAdapter (p0: @[RawType] androidx.recyclerview.widget.RecyclerView.Adapter<@[FlexibleNullability] androidx.recyclerview.widget.RecyclerView.ViewHolder?>?): kotlin.Unit declared in androidx.recyclerview.widget.RecyclerView' type=kotlin.Unit origin=EQ
      $this: GET_VAR '$this$apply: @[EnhancedNullability] androidx.recyclerview.widget.RecyclerView declared in com.example.practico_1_moviles.ui.MainActivity.MainActivity.setupRecyclerView$lambda$1' type=@[EnhancedNullability] androidx.recyclerview.widget.RecyclerView origin=null
      p0: GET_VAR '$adapter: com.example.practico_1_moviles.ui.Adapters.TareasAdapter declared in com.example.practico_1_moviles.ui.MainActivity.MainActivity.setupRecyclerView$lambda$1' type=com.example.practico_1_moviles.ui.Adapters.TareasAdapter origin=null
    CALL 'public open fun setLayoutManager (p0: @[EnhancedNullability] androidx.recyclerview.widget.RecyclerView.LayoutManager?): kotlin.Unit declared in androidx.recyclerview.widget.RecyclerView' type=kotlin.Unit origin=EQ
      $this: GET_VAR '$this$apply: @[EnhancedNullability] androidx.recyclerview.widget.RecyclerView declared in com.example.practico_1_moviles.ui.MainActivity.MainActivity.setupRecyclerView$lambda$1' type=@[EnhancedNullability] androidx.recyclerview.widget.RecyclerView origin=null
      p0: CONSTRUCTOR_CALL 'public constructor <init> (p0: @[FlexibleNullability] android.content.Context?) declared in androidx.recyclerview.widget.LinearLayoutManager' type=androidx.recyclerview.widget.LinearLayoutManager origin=null
        p0: GET_VAR 'this$0: com.example.practico_1_moviles.ui.MainActivity.MainActivity declared in com.example.practico_1_moviles.ui.MainActivity.MainActivity.setupRecyclerView$lambda$1' type=com.example.practico_1_moviles.ui.MainActivity.MainActivity origin=null
    SET_FIELD 'FIELD IR_EXTERNAL_JAVA_DECLARATION_STUB name:orientation type:kotlin.Int visibility:public [final,static] declared in android.R.attr' type=kotlin.Unit superQualifierSymbol=android.R.attr origin=EQ
      value: CONST Int type=kotlin.Int value=1

	at org.jetbrains.kotlin.backend.jvm.codegen.FunctionCodegen.generate(FunctionCodegen.kt:47)
	at org.jetbrains.kotlin.backend.jvm.codegen.IrSourceCompilerForInline.generateLambdaBody(IrSourceCompilerForInline.kt:67)
	at org.jetbrains.kotlin.codegen.inline.ExpressionLambda.generateLambdaBody(LambdaInfo.kt:72)
	at org.jetbrains.kotlin.backend.jvm.codegen.IrInlineCodegen.genValueAndPut(IrInlineCodegen.kt:100)
	at org.jetbrains.kotlin.backend.jvm.codegen.ExpressionCodegen.visitCall$handleParameter(ExpressionCodegen.kt:616)
	at org.jetbrains.kotlin.backend.jvm.codegen.ExpressionCodegen.visitCall(ExpressionCodegen.kt:644)
	at org.jetbrains.kotlin.backend.jvm.codegen.ExpressionCodegen.visitCall(ExpressionCodegen.kt:138)
	at org.jetbrains.kotlin.ir.expressions.IrCall.accept(IrCall.kt:24)
	at org.jetbrains.kotlin.backend.jvm.codegen.ExpressionCodegen.visitStatementContainer(ExpressionCodegen.kt:579)
	at org.jetbrains.kotlin.backend.jvm.codegen.ExpressionCodegen.visitContainerExpression(ExpressionCodegen.kt:593)
	at org.jetbrains.kotlin.backend.jvm.codegen.ExpressionCodegen.visitContainerExpression(ExpressionCodegen.kt:138)
	at org.jetbrains.kotlin.ir.visitors.IrElementVisitor$DefaultImpls.visitComposite(IrElementVisitor.kt:125)
	at org.jetbrains.kotlin.backend.jvm.codegen.ExpressionCodegen.visitComposite(ExpressionCodegen.kt:138)
	at org.jetbrains.kotlin.backend.jvm.codegen.ExpressionCodegen.visitComposite(ExpressionCodegen.kt:138)
	at org.jetbrains.kotlin.ir.expressions.IrComposite.accept(IrComposite.kt:18)
	at org.jetbrains.kotlin.backend.jvm.codegen.ExpressionCodegen.visitStatementContainer(ExpressionCodegen.kt:579)
	at org.jetbrains.kotlin.backend.jvm.codegen.ExpressionCodegen.visitBlockBody(ExpressionCodegen.kt:584)
	at org.jetbrains.kotlin.backend.jvm.codegen.ExpressionCodegen.visitBlockBody(ExpressionCodegen.kt:138)
	at org.jetbrains.kotlin.ir.expressions.IrBlockBody.accept(IrBlockBody.kt:20)
	at org.jetbrains.kotlin.backend.jvm.codegen.ExpressionCodegen.generate(ExpressionCodegen.kt:240)
	at org.jetbrains.kotlin.backend.jvm.codegen.FunctionCodegen.doGenerate(FunctionCodegen.kt:123)
	at org.jetbrains.kotlin.backend.jvm.codegen.FunctionCodegen.generate(FunctionCodegen.kt:44)
	... 53 more
Caused by: java.lang.AssertionError: access of const val: SET_FIELD 'FIELD IR_EXTERNAL_JAVA_DECLARATION_STUB name:orientation type:kotlin.Int visibility:public [final,static] declared in android.R.attr' type=kotlin.Unit superQualifierSymbol=android.R.attr origin=EQ
  value: CONST Int type=kotlin.Int value=1

	at org.jetbrains.kotlin.backend.jvm.codegen.ExpressionCodegen.visitFieldAccess(ExpressionCodegen.kt:861)
	at org.jetbrains.kotlin.backend.jvm.codegen.ExpressionCodegen.visitFieldAccess(ExpressionCodegen.kt:138)
	at org.jetbrains.kotlin.ir.visitors.IrElementVisitor$DefaultImpls.visitSetField(IrElementVisitor.kt:206)
	at org.jetbrains.kotlin.backend.jvm.codegen.ExpressionCodegen.visitSetField(ExpressionCodegen.kt:908)
	at org.jetbrains.kotlin.backend.jvm.codegen.ExpressionCodegen.visitSetField(ExpressionCodegen.kt:138)
	at org.jetbrains.kotlin.ir.expressions.IrSetField.accept(IrSetField.kt:21)
	at org.jetbrains.kotlin.backend.jvm.codegen.ExpressionCodegen.visitStatementContainer(ExpressionCodegen.kt:579)
	at org.jetbrains.kotlin.backend.jvm.codegen.ExpressionCodegen.visitBlockBody(ExpressionCodegen.kt:584)
	at org.jetbrains.kotlin.backend.jvm.codegen.ExpressionCodegen.visitBlockBody(ExpressionCodegen.kt:138)
	at org.jetbrains.kotlin.ir.expressions.IrBlockBody.accept(IrBlockBody.kt:20)
	at org.jetbrains.kotlin.backend.jvm.codegen.ExpressionCodegen.generate(ExpressionCodegen.kt:240)
	at org.jetbrains.kotlin.backend.jvm.codegen.FunctionCodegen.doGenerate(FunctionCodegen.kt:123)
	at org.jetbrains.kotlin.backend.jvm.codegen.FunctionCodegen.generate(FunctionCodegen.kt:44)
	... 74 more


